#
# There is insufficient memory for the Java Runtime Environment to continue.
# Native memory allocation (mmap) failed to map 2097152 bytes for G1 virtual space
# Possible reasons:
#   The system is out of physical RAM or swap space
#   The process is running with CompressedOops enabled, and the Java Heap may be blocking the growth of the native heap
# Possible solutions:
#   Reduce memory load on the system
#   Increase physical memory or swap space
#   Check if swap backing store is full
#   Decrease Java heap size (-Xmx/-Xms)
#   Decrease number of Java threads
#   Decrease Java thread stack sizes (-Xss)
#   Set larger code cache with -XX:ReservedCodeCacheSize=
#   JVM is running with Unscaled Compressed Oops mode in which the Java heap is
#     placed in the first 4GB address space. The Java Heap base address is the
#     maximum limit for the native heap growth. Please use -XX:HeapBaseMinAddress
#     to set the Java Heap base and to place the Java Heap above 4GB virtual address.
# This output file may be truncated or incomplete.
#
#  Out of Memory Error (os_windows.cpp:3532), pid=22332, tid=17020
#
# JRE version:  (17.0.2+8) (build )
# Java VM: OpenJDK 64-Bit Server VM (17.0.2+8, mixed mode, sharing, tiered, compressed oops, compressed class ptrs, g1 gc, windows-amd64)
# No core dump will be written. Minidumps are not enabled by default on client versions of Windows
#

---------------  S U M M A R Y ------------

Command Line: -Dfile.encoding=Cp1252 -XX:+ShowCodeDetailsInExceptionMessages it.lipari.main.Main

Host: Intel(R) Core(TM) i7-4500U CPU @ 1.80GHz, 4 cores, 7G,  Windows 10 , 64 bit Build 19041 (10.0.19041.1706)
Time: Sun Jun 19 11:46:49 2022 ora legale Europa occidentale elapsed time: 0.104250 seconds (0d 0h 0m 0s)

---------------  T H R E A D  ---------------

Current thread (0x000002152713ef20):  JavaThread "Unknown thread" [_thread_in_vm, id=17020, stack(0x00000071d5800000,0x00000071d5900000)]

Stack: [0x00000071d5800000,0x00000071d5900000]
Native frames: (J=compiled Java code, j=interpreted, Vv=VM code, C=native code)
V  [jvm.dll+0x67564a]
V  [jvm.dll+0x82fc04]
V  [jvm.dll+0x8313ae]
V  [jvm.dll+0x831a13]
V  [jvm.dll+0x245235]
V  [jvm.dll+0x672539]
V  [jvm.dll+0x666e82]
V  [jvm.dll+0x30401b]
V  [jvm.dll+0x30b566]
V  [jvm.dll+0x35b213]
V  [jvm.dll+0x35b42f]
V  [jvm.dll+0x2daf58]
V  [jvm.dll+0x2dbec4]
V  [jvm.dll+0x801881]
V  [jvm.dll+0x368f81]
V  [jvm.dll+0x7e0cdc]
V  [jvm.dll+0x3eb8bf]
V  [jvm.dll+0x3ed441]
C  [jli.dll+0x5277]
C  [ucrtbase.dll+0x21bb2]
C  [KERNEL32.DLL+0x17034]
C  [ntdll.dll+0x52651]


---------------  P R O C E S S  ---------------

Threads class SMR info:
_java_thread_list=0x00007ff9a42f5e98, length=0, elements={
}

Java Threads: ( => current thread )

Other Threads:
  0x0000021527184de0 GCTaskThread "GC Thread#0" [stack: 0x00000071d5900000,0x00000071d5a00000] [id=3404]
  0x00000215271959a0 ConcurrentGCThread "G1 Main Marker" [stack: 0x00000071d5a00000,0x00000071d5b00000] [id=20464]
  0x0000021527197ca0 ConcurrentGCThread "G1 Conc#0" [stack: 0x00000071d5b00000,0x00000071d5c00000] [id=11748]

[error occurred during error reporting (printing all threads), id 0xc0000005, EXCEPTION_ACCESS_VIOLATION (0xc0000005) at pc=0x00007ff9a3acb9d7]

VM state: not at safepoint (not fully initialized)

VM Mutex/Monitor currently owned by a thread:  ([mutex/lock_event])
[0x000002152713a800] Heap_lock - owner thread: 0x000002152713ef20

Heap address: 0x0000000081c00000, size: 2020 MB, Compressed Oops mode: 32-bit

CDS archive(s) mapped at: [0x0000000000000000-0x0000000000000000-0x0000000000000000), size 0, SharedBaseAddress: 0x0000000800000000, ArchiveRelocationMode: 0.
Narrow klass base: 0x0000000000000000, Narrow klass shift: 0, Narrow klass range: 0x0

GC Precious Log:
<Empty>

Heap:
 garbage-first heap   total 0K, used 0K [0x0000000081c00000, 0x0000000100000000)
  region size 1024K, 0 young (0K), 0 survivors (0K)

[error occurred during error reporting (printing heap information), id 0xc0000005, EXCEPTION_ACCESS_VIOLATION (0xc0000005) at pc=0x00007ff9a3eae899]

GC Heap History (0 events):
No events

Deoptimization events (0 events):
No events

Classes unloaded (0 events):
No events

Classes redefined (0 events):
No events

Internal exceptions (0 events):
No events

VM Operations (0 events):
No events

Events (1 events):
Event: 0.032 Loaded shared library C:\Program Files\Spring Tool Suite\sts-4.14.1.RELEASE\plugins\org.eclipse.justj.openjdk.hotspot.jre.full.win32.x86_64_17.0.2.v20220201-1208\jre\bin\java.dll


Dynamic libraries:
0x00007ff6372c0000 - 0x00007ff6372ce000 	C:\Program Files\Spring Tool Suite\sts-4.14.1.RELEASE\plugins\org.eclipse.justj.openjdk.hotspot.jre.full.win32.x86_64_17.0.2.v20220201-1208\jre\bin\javaw.exe
0x00007ffa10bd0000 - 0x00007ffa10dc5000 	C:\WINDOWS\SYSTEM32\ntdll.dll
0x00007ffa10a20000 - 0x00007ffa10add000 	C:\WINDOWS\System32\KERNEL32.DLL
0x00007ffa0e5b0000 - 0x00007ffa0e87d000 	C:\WINDOWS\System32\KERNELBASE.dll
0x00007ffa0e970000 - 0x00007ffa0ea70000 	C:\WINDOWS\System32\ucrtbase.dll
0x00007ff9f40b0000 - 0x00007ff9f40c8000 	C:\Program Files\Spring Tool Suite\sts-4.14.1.RELEASE\plugins\org.eclipse.justj.openjdk.hotspot.jre.full.win32.x86_64_17.0.2.v20220201-1208\jre\bin\jli.dll
0x00007ffa0f450000 - 0x00007ffa0f5f0000 	C:\WINDOWS\System32\USER32.dll
0x00007ffa0e580000 - 0x00007ffa0e5a2000 	C:\WINDOWS\System32\win32u.dll
0x00007ffa0f0f0000 - 0x00007ffa0f11a000 	C:\WINDOWS\System32\GDI32.dll
0x00007ffa0eaa0000 - 0x00007ffa0ebab000 	C:\WINDOWS\System32\gdi32full.dll
0x00007ffa0e8d0000 - 0x00007ffa0e96d000 	C:\WINDOWS\System32\msvcp_win.dll
0x00007ffa0d6f0000 - 0x00007ffa0d98a000 	C:\WINDOWS\WinSxS\amd64_microsoft.windows.common-controls_6595b64144ccf1df_6.0.19041.1110_none_60b5254171f9507e\COMCTL32.dll
0x00007ffa0f120000 - 0x00007ffa0f1be000 	C:\WINDOWS\System32\msvcrt.dll
0x00007ff9f09a0000 - 0x00007ff9f09b9000 	C:\Program Files\Spring Tool Suite\sts-4.14.1.RELEASE\plugins\org.eclipse.justj.openjdk.hotspot.jre.full.win32.x86_64_17.0.2.v20220201-1208\jre\bin\VCRUNTIME140.dll
0x00007ffa0ef90000 - 0x00007ffa0efc0000 	C:\WINDOWS\System32\IMM32.DLL
0x00007ffa05cb0000 - 0x00007ffa05cbc000 	C:\Program Files\Spring Tool Suite\sts-4.14.1.RELEASE\plugins\org.eclipse.justj.openjdk.hotspot.jre.full.win32.x86_64_17.0.2.v20220201-1208\jre\bin\vcruntime140_1.dll
0x00007ff9bba10000 - 0x00007ff9bbaa1000 	C:\Program Files\Spring Tool Suite\sts-4.14.1.RELEASE\plugins\org.eclipse.justj.openjdk.hotspot.jre.full.win32.x86_64_17.0.2.v20220201-1208\jre\bin\msvcp140.dll
0x00007ff9a37e0000 - 0x00007ff9a4427000 	C:\Program Files\Spring Tool Suite\sts-4.14.1.RELEASE\plugins\org.eclipse.justj.openjdk.hotspot.jre.full.win32.x86_64_17.0.2.v20220201-1208\jre\bin\server\jvm.dll
0x00007ffa0fe00000 - 0x00007ffa0feae000 	C:\WINDOWS\System32\ADVAPI32.dll
0x00007ffa10080000 - 0x00007ffa1011c000 	C:\WINDOWS\System32\sechost.dll
0x00007ffa0f650000 - 0x00007ffa0f775000 	C:\WINDOWS\System32\RPCRT4.dll
0x00007ffa0f080000 - 0x00007ffa0f088000 	C:\WINDOWS\System32\PSAPI.DLL
0x00007ff9fa240000 - 0x00007ff9fa249000 	C:\WINDOWS\SYSTEM32\WSOCK32.dll
0x00007ffa0f2a0000 - 0x00007ffa0f30b000 	C:\WINDOWS\System32\WS2_32.dll
0x00007ff9fb010000 - 0x00007ff9fb037000 	C:\WINDOWS\SYSTEM32\WINMM.dll
0x00007ff9fefc0000 - 0x00007ff9fefca000 	C:\WINDOWS\SYSTEM32\VERSION.dll
0x00007ffa0c520000 - 0x00007ffa0c532000 	C:\WINDOWS\SYSTEM32\kernel.appcore.dll
0x00007ffa06900000 - 0x00007ffa0690a000 	C:\Program Files\Spring Tool Suite\sts-4.14.1.RELEASE\plugins\org.eclipse.justj.openjdk.hotspot.jre.full.win32.x86_64_17.0.2.v20220201-1208\jre\bin\jimage.dll
0x00007ffa0dc90000 - 0x00007ffa0de74000 	C:\WINDOWS\SYSTEM32\DBGHELP.DLL
0x00007ffa0dac0000 - 0x00007ffa0daec000 	C:\WINDOWS\SYSTEM32\dbgcore.DLL
0x00007ffa0e390000 - 0x00007ffa0e412000 	C:\WINDOWS\System32\bcryptPrimitives.dll
0x00007ffa068d0000 - 0x00007ffa068f5000 	C:\Program Files\Spring Tool Suite\sts-4.14.1.RELEASE\plugins\org.eclipse.justj.openjdk.hotspot.jre.full.win32.x86_64_17.0.2.v20220201-1208\jre\bin\java.dll

dbghelp: loaded successfully - version: 4.0.5 - missing functions: none
symbol engine: initialized successfully - sym options: 0x614 - pdb path: .;C:\Program Files\Spring Tool Suite\sts-4.14.1.RELEASE\plugins\org.eclipse.justj.openjdk.hotspot.jre.full.win32.x86_64_17.0.2.v20220201-1208\jre\bin;C:\WINDOWS\SYSTEM32;C:\WINDOWS\WinSxS\amd64_microsoft.windows.common-controls_6595b64144ccf1df_6.0.19041.1110_none_60b5254171f9507e;C:\Program Files\Spring Tool Suite\sts-4.14.1.RELEASE\plugins\org.eclipse.justj.openjdk.hotspot.jre.full.win32.x86_64_17.0.2.v20220201-1208\jre\bin\server

VM Arguments:
jvm_args: -Dfile.encoding=Cp1252 -XX:+ShowCodeDetailsInExceptionMessages 
java_command: it.lipari.main.Main
java_class_path (initial): C:\Users\Simone\OneDrive - Lipari People\Progetti java\HotelBooking\bin
Launcher Type: SUN_STANDARD

[Global flags]
     intx CICompilerCount                          = 3                                         {product} {ergonomic}
     uint ConcGCThreads                            = 1                                         {product} {ergonomic}
     uint G1ConcRefinementThreads                  = 4                                         {product} {ergonomic}
   size_t G1HeapRegionSize                         = 1048576                                   {product} {ergonomic}
    uintx GCDrainStackTargetSize                   = 64                                        {product} {ergonomic}
   size_t InitialHeapSize                          = 134217728                                 {product} {ergonomic}
   size_t MarkStackSize                            = 4194304                                   {product} {ergonomic}
   size_t MaxHeapSize                              = 2118123520                                {product} {ergonomic}
   size_t MinHeapDeltaBytes                        = 1048576                                   {product} {ergonomic}
   size_t MinHeapSize                              = 8388608                                   {product} {ergonomic}
    uintx NonNMethodCodeHeapSize                   = 5832780                                {pd product} {ergonomic}
    uintx NonProfiledCodeHeapSize                  = 122912730                              {pd product} {ergonomic}
    uintx ProfiledCodeHeapSize                     = 122912730                              {pd product} {ergonomic}
    uintx ReservedCodeCacheSize                    = 251658240                              {pd product} {ergonomic}
     bool SegmentedCodeCache                       = true                                      {product} {ergonomic}
     bool ShowCodeDetailsInExceptionMessages       = true                                   {manageable} {command line}
   size_t SoftMaxHeapSize                          = 2118123520                             {manageable} {ergonomic}
     bool UseCompressedClassPointers               = true                           {product lp64_product} {ergonomic}
     bool UseCompressedOops                        = true                           {product lp64_product} {ergonomic}
     bool UseG1GC                                  = true                                      {product} {ergonomic}
     bool UseLargePagesIndividualAllocation        = false                                  {pd product} {ergonomic}

Logging:
Log output configuration:
 #0: stdout all=warning uptime,level,tags
 #1: stderr all=off uptime,level,tags

Environment Variables:
JAVA_HOME=C:\Java\jdk-11.0.15\bin
PATH=C:/Program Files/Spring Tool Suite/sts-4.14.1.RELEASE//plugins/org.eclipse.justj.openjdk.hotspot.jre.full.win32.x86_64_17.0.2.v20220201-1208/jre/bin/server;C:/Program Files/Spring Tool Suite/sts-4.14.1.RELEASE//plugins/org.eclipse.justj.openjdk.hotspot.jre.full.win32.x86_64_17.0.2.v20220201-1208/jre/bin;C:\Program Files\Common Files\Oracle\Java\javapath;C:\WINDOWS\system32;C:\WINDOWS;C:\WINDOWS\System32\Wbem;C:\WINDOWS\System32\WindowsPowerShell\v1.0\;C:\WINDOWS\System32\OpenSSH\;C:\Program Files\Intel\WiFi\bin\;C:\Program Files\Common Files\Intel\WirelessCommon\;C:\Program Files (x86)\dotnet\;C:\Program Files\nodejs\;C:\composer;C:\HashiCorp\Vagrant\bin;C:\xampp\php;C:\Program Files\Git\cmd;C:\Users\Simone\AppData\Local\Microsoft\WindowsApps;C:\Program Files\Intel\WiFi\bin\;C:\Program Files\Common Files\Intel\WirelessCommon\;C:\Users\Simone\AppData\Local\Programs\Microsoft VS Code\bin;C:\Users\Simone\AppData\Local\GitHubDesktop\bin;C:\Users\Simone\AppData\Roaming\npm;C:\Users\Simone\AppData\Roaming\Composer\vendor\bin;C:\laragon\bin\php\php-7.4.19-Win32-vc15-x64;;C:\Program Files\Spring Tool Suite\sts-4.14.1.RELEASE;
USERNAME=Simone
OS=Windows_NT
PROCESSOR_IDENTIFIER=Intel64 Family 6 Model 69 Stepping 1, GenuineIntel



---------------  S Y S T E M  ---------------

OS:
 Windows 10 , 64 bit Build 19041 (10.0.19041.1706)
OS uptime: 2 days 3:16 hours

CPU: total 4 (initial active 4) (2 cores per cpu, 2 threads per core) family 6 model 69 stepping 1 microcode 0x25, cx8, cmov, fxsr, ht, mmx, sse, sse2, sse3, ssse3, sse4.1, sse4.2, popcnt, lzcnt, tsc, tscinvbit, avx, avx2, aes, erms, clmul, bmi1, bmi2, fma, vzeroupper, clflush

Memory: 4k page, system-wide physical 8075M (1036M free)
TotalPageFile size 32651M (AvailPageFile size 7M)
current process WorkingSet (physical memory assigned to process): 10M, peak: 10M
current process commit charge ("private bytes"): 179M, peak: 181M

vm_info: OpenJDK 64-Bit Server VM (17.0.2+8) for windows-amd64 JRE (17.0.2+8), built on Jan 20 2022 04:52:34 by "" with MS VC++ 16.7 (VS2019)

END.
